<?xml version="1.0" encoding="UTF-8"?>
<!-- Generated by org.testng.reporters.JUnitXMLReporter -->
<testsuite hostname="LAPTOP-0RL4LT3R" ignored="0" name="LoginPage Test" tests="3" failures="0" timestamp="21 Mar 2021 15:04:26 GMT" time="5.77" errors="0">
  <testcase name="@BeforeTest setUp" time="4.646" classname="com.qa.opencart.base.BaseTest">
    <failure type="java.lang.NullPointerException">
      <![CDATA[java.lang.NullPointerException
at com.qa.opencart.utils.OptionsManager.getChromeOptions(OptionsManager.java:21)
at com.qa.opencart.base.BasePage.init_driver(BasePage.java:63)
at com.qa.opencart.base.BaseTest.setUp(BaseTest.java:32)
at java.util.concurrent.FutureTask.run(FutureTask.java:266)
at java.util.concurrent.ThreadPoolExecutor.runWorker(ThreadPoolExecutor.java:1149)
at java.util.concurrent.ThreadPoolExecutor$Worker.run(ThreadPoolExecutor.java:624)
at java.lang.Thread.run(Thread.java:748)
... Removed 15 stack frames]]>
    </failure>
  </testcase> <!-- @BeforeTest setUp -->
  <testcase name="@AfterTest tearDown" time="0.0" classname="com.qa.opencart.base.BaseTest">
    <skipped/>
  </testcase> <!-- @AfterTest tearDown -->
  <testcase name="verifyLoginPageTitleTest" time="0.0" classname="com.qa.opencart.tests.LoginPageTest">
    <skipped/>
  </testcase> <!-- verifyLoginPageTitleTest -->
  <testcase name="verifyForgotPwdLinkTest" time="0.0" classname="com.qa.opencart.tests.LoginPageTest">
    <skipped/>
  </testcase> <!-- verifyForgotPwdLinkTest -->
  <testcase name="loginTest" time="0.0" classname="com.qa.opencart.tests.LoginPageTest">
    <skipped/>
  </testcase> <!-- loginTest -->
</testsuite> <!-- LoginPage Test -->
